<?xml version="1.0" encoding="UTF-8"?>
<!-- Generated by org.testng.reporters.JUnitReportReporter -->
<testsuite hostname="DESKTOP-2JBFBCA" failures="0" tests="1" name="com.w2a.testCases.LoginTest" time="10.816" errors="0" timestamp="12 Jan 2022 19:48:37 GMT" skipped="0">
  <testcase classname="com.w2a.testCases.LoginTest" name="loginAsBankManager" time="10.816"/>
</testsuite> <!-- com.w2a.testCases.LoginTest -->
