<?xml version="1.0" encoding="UTF-8"?>
<!-- Generated by org.testng.reporters.JUnitReportReporter -->
<testsuite hostname="DESKTOP-2JBFBCA" failures="0" tests="2" name="com.w2a.testCases.OpenAccountTest" time="5.539" errors="0" timestamp="18 Feb 2022 16:00:09 GMT" skipped="0">
  <testcase classname="com.w2a.testCases.OpenAccountTest" name="openAccountTest" time="2.702"/>
  <testcase classname="com.w2a.testCases.OpenAccountTest" name="openAccountTest" time="2.837"/>
</testsuite> <!-- com.w2a.testCases.OpenAccountTest -->
