<?xml version="1.0" encoding="UTF-8"?>
<!-- Generated by org.testng.reporters.JUnitReportReporter -->
<testsuite hostname="DESKTOP-2JBFBCA" failures="0" tests="4" name="com.w2a.testCases.AddCustomerTest" time="13.578" errors="0" timestamp="18 Feb 2022 16:00:09 GMT" skipped="1">
  <testcase classname="com.w2a.testCases.AddCustomerTest" name="addCustomerTest" time="4.444"/>
  <testcase classname="com.w2a.testCases.AddCustomerTest" name="addCustomerTest" time="0.001">
    <skipped/>
  </testcase> <!-- addCustomerTest -->
  <testcase classname="com.w2a.testCases.AddCustomerTest" name="addCustomerTest" time="4.713"/>
  <testcase classname="com.w2a.testCases.AddCustomerTest" name="addCustomerTest" time="4.420"/>
</testsuite> <!-- com.w2a.testCases.AddCustomerTest -->
