<?xml version="1.0" encoding="UTF-8"?>
<!-- Generated by org.testng.reporters.JUnitReportReporter -->
<testsuite hostname="DESKTOP-2JBFBCA" failures="0" tests="1" name="com.w2a.testCases.BankManagerLoginTest" time="4.294" errors="0" timestamp="18 Feb 2022 16:00:09 GMT" skipped="0">
  <testcase classname="com.w2a.testCases.BankManagerLoginTest" name="loginAsBankManager" time="4.294"/>
</testsuite> <!-- com.w2a.testCases.BankManagerLoginTest -->
