<?xml version="1.0" encoding="UTF-8"?>
<!-- Generated by org.testng.reporters.JUnitReportReporter -->
<testsuite hostname="DESKTOP-2JBFBCA" failures="0" tests="1" name="com.w2a.base.TestBase" time="1.570" errors="0" timestamp="01 Feb 2022 22:38:10 GMT" skipped="0">
  <testcase classname="com.w2a.base.TestBase" name="openApplication" time="1.570"/>
</testsuite> <!-- com.w2a.base.TestBase -->
