<?xml version="1.0" encoding="UTF-8"?>
<!-- Generated by org.testng.reporters.JUnitReportReporter -->
<testsuite hostname="DESKTOP-2JBFBCA" failures="0" tests="1" name="Academy.validateNavigationBar" time="0.099" errors="0" timestamp="2022-03-02T13:13:21 EST" skipped="0">
  <testcase classname="Academy.validateNavigationBar" name="validateAppNavBar" time="0.099"/>
  <system-out/>
</testsuite> <!-- Academy.validateNavigationBar -->
