<?xml version="1.0" encoding="UTF-8"?>
<!-- Generated by org.testng.reporters.JUnitReportReporter -->
<testsuite hostname="DESKTOP-2JBFBCA" failures="0" tests="2" name="Academy.HomePage" time="11.812" errors="0" timestamp="2022-03-02T13:13:21 EST" skipped="0">
  <testcase classname="Academy.HomePage" name="basePageNavigation" time="7.696"/>
  <system-out/>
  <testcase classname="Academy.HomePage" name="basePageNavigation" time="4.116"/>
  <system-out/>
</testsuite> <!-- Academy.HomePage -->
