<?xml version="1.0" encoding="UTF-8"?>
<!-- Generated by org.testng.reporters.JUnitReportReporter -->
<testsuite hostname="DESKTOP-2JBFBCA" failures="0" tests="4" name="com.w2a.testCases.AddCustomerTest" time="13.690" errors="0" timestamp="02 Mar 2022 17:30:34 GMT" skipped="1">
  <testcase classname="com.w2a.testCases.AddCustomerTest" name="addCustomerTest" time="4.363"/>
  <testcase classname="com.w2a.testCases.AddCustomerTest" name="addCustomerTest" time="0.000">
    <skipped/>
  </testcase> <!-- addCustomerTest -->
  <testcase classname="com.w2a.testCases.AddCustomerTest" name="addCustomerTest" time="4.944"/>
  <testcase classname="com.w2a.testCases.AddCustomerTest" name="addCustomerTest" time="4.383"/>
</testsuite> <!-- com.w2a.testCases.AddCustomerTest -->
