<?xml version="1.0" encoding="UTF-8"?>
<!-- Generated by org.testng.reporters.JUnitReportReporter -->
<testsuite hostname="DESKTOP-2JBFBCA" failures="0" tests="2" name="com.w2a.testCases.OpenAccountTest" time="5.171" errors="0" timestamp="02 Mar 2022 17:30:34 GMT" skipped="0">
  <testcase classname="com.w2a.testCases.OpenAccountTest" name="openAccountTest" time="2.819"/>
  <testcase classname="com.w2a.testCases.OpenAccountTest" name="openAccountTest" time="2.352"/>
</testsuite> <!-- com.w2a.testCases.OpenAccountTest -->
